<?xml version="1.0" encoding="UTF-8"?>
<robot generator="Robot 4.0.3 (Python 3.9.4 on win32)" generated="20210704 22:34:44.441" rpa="false" schemaversion="2">
<suite id="s1" name="Tests" source="C:\Users\Danka\Desktop\Projekt_Robot_Framework\TestsCases\Tests.robot">
<kw name="Prepare Env" library="SiteKeywords" type="SETUP">
<kw name="Set Screenshot Directory" library="SeleniumLibrary">
<arg>Screenshots</arg>
<doc>Sets the directory for captured screenshots.</doc>
<status status="PASS" starttime="20210704 22:34:45.113" endtime="20210704 22:34:45.114"/>
</kw>
<status status="PASS" starttime="20210704 22:34:45.113" endtime="20210704 22:34:45.114"/>
</kw>
<test id="s1-t1" name="TC_01 - Wpisanie w pole Szukaj poprawnej wartosci">
<kw name="Otworz strone" library="SiteKeywords" type="SETUP">
<arg>${Url}</arg>
<arg>${Browser}</arg>
<kw name="Open Browser" library="SeleniumLibrary">
<arg>${Url}</arg>
<arg>${Browser}</arg>
<doc>Opens a new browser instance to the given ``url``.</doc>
<msg timestamp="20210704 22:34:45.115" level="INFO">Opening browser 'chrome' to base url 'http://soyalight.pl'.</msg>
<status status="PASS" starttime="20210704 22:34:45.115" endtime="20210704 22:34:52.217"/>
</kw>
<kw name="Maximize Browser Window" library="SeleniumLibrary">
<doc>Maximizes current browser window.</doc>
<status status="PASS" starttime="20210704 22:34:52.217" endtime="20210704 22:34:52.345"/>
</kw>
<status status="PASS" starttime="20210704 22:34:45.115" endtime="20210704 22:34:52.345"/>
</kw>
<kw name="Wpisz produkt" library="SiteKeywords">
<arg>${search_field}</arg>
<arg>${product}</arg>
<kw name="Input Text" library="SeleniumLibrary">
<arg>${search_field}</arg>
<arg>${product}</arg>
<doc>Types the given ``text`` into text field identified by ``locator``.</doc>
<msg timestamp="20210704 22:34:52.348" level="INFO">Typing text 'woski' into text field 'class:search__input'.</msg>
<status status="PASS" starttime="20210704 22:34:52.347" endtime="20210704 22:34:52.462"/>
</kw>
<status status="PASS" starttime="20210704 22:34:52.346" endtime="20210704 22:34:52.462"/>
</kw>
<kw name="Sleep" library="BuiltIn">
<arg>5</arg>
<doc>Pauses the test executed for the given time.</doc>
<msg timestamp="20210704 22:34:57.464" level="INFO">Slept 5 seconds</msg>
<status status="PASS" starttime="20210704 22:34:52.462" endtime="20210704 22:34:57.464"/>
</kw>
<kw name="Nacisnij szukaj" library="SiteKeywords">
<kw name="Wait Until Element Is Visible" library="SeleniumLibrary">
<arg>${search_button}</arg>
<doc>Waits until element ``locator`` is visible.</doc>
<status status="PASS" starttime="20210704 22:34:57.465" endtime="20210704 22:34:57.490"/>
</kw>
<kw name="Click Element" library="SeleniumLibrary">
<arg>${search_button}</arg>
<doc>Click element identified by ``locator``.</doc>
<msg timestamp="20210704 22:34:57.491" level="INFO">Clicking element 'css:.search__btn-search'.</msg>
<status status="PASS" starttime="20210704 22:34:57.491" endtime="20210704 22:34:58.562"/>
</kw>
<status status="PASS" starttime="20210704 22:34:57.464" endtime="20210704 22:34:58.562"/>
</kw>
<kw name="Sleep" library="BuiltIn">
<arg>5</arg>
<doc>Pauses the test executed for the given time.</doc>
<msg timestamp="20210704 22:35:03.564" level="INFO">Slept 5 seconds</msg>
<status status="PASS" starttime="20210704 22:34:58.563" endtime="20210704 22:35:03.564"/>
</kw>
<kw name="Zamknij przegladarke" library="SiteKeywords" type="TEARDOWN">
<kw name="Close Browser" library="SeleniumLibrary">
<doc>Closes the current browser.</doc>
<status status="PASS" starttime="20210704 22:35:03.565" endtime="20210704 22:35:05.872"/>
</kw>
<status status="PASS" starttime="20210704 22:35:03.564" endtime="20210704 22:35:05.872"/>
</kw>
<status status="PASS" starttime="20210704 22:34:45.114" endtime="20210704 22:35:05.872"/>
</test>
<test id="s1-t2" name="TC_02 - Wpisanie w pole Szukaj niepoprawnej wartosci">
<kw name="Otworz strone" library="SiteKeywords" type="SETUP">
<arg>${Url}</arg>
<arg>${Browser}</arg>
<kw name="Open Browser" library="SeleniumLibrary">
<arg>${Url}</arg>
<arg>${Browser}</arg>
<doc>Opens a new browser instance to the given ``url``.</doc>
<msg timestamp="20210704 22:35:05.874" level="INFO">Opening browser 'chrome' to base url 'http://soyalight.pl'.</msg>
<status status="PASS" starttime="20210704 22:35:05.874" endtime="20210704 22:35:10.819"/>
</kw>
<kw name="Maximize Browser Window" library="SeleniumLibrary">
<doc>Maximizes current browser window.</doc>
<status status="PASS" starttime="20210704 22:35:10.820" endtime="20210704 22:35:10.944"/>
</kw>
<status status="PASS" starttime="20210704 22:35:05.873" endtime="20210704 22:35:10.944"/>
</kw>
<kw name="Wpisz produkt" library="SiteKeywords">
<arg>${search_field}</arg>
<arg>${product1}</arg>
<kw name="Input Text" library="SeleniumLibrary">
<arg>${search_field}</arg>
<arg>${product}</arg>
<doc>Types the given ``text`` into text field identified by ``locator``.</doc>
<msg timestamp="20210704 22:35:10.947" level="INFO">Typing text 'zestawy prezentowe' into text field 'class:search__input'.</msg>
<status status="PASS" starttime="20210704 22:35:10.946" endtime="20210704 22:35:11.108"/>
</kw>
<status status="PASS" starttime="20210704 22:35:10.945" endtime="20210704 22:35:11.109"/>
</kw>
<kw name="Sleep" library="BuiltIn">
<arg>5</arg>
<doc>Pauses the test executed for the given time.</doc>
<msg timestamp="20210704 22:35:16.110" level="INFO">Slept 5 seconds</msg>
<status status="PASS" starttime="20210704 22:35:11.109" endtime="20210704 22:35:16.110"/>
</kw>
<kw name="Nacisnij szukaj" library="SiteKeywords">
<kw name="Wait Until Element Is Visible" library="SeleniumLibrary">
<arg>${search_button}</arg>
<doc>Waits until element ``locator`` is visible.</doc>
<status status="PASS" starttime="20210704 22:35:16.111" endtime="20210704 22:35:16.134"/>
</kw>
<kw name="Click Element" library="SeleniumLibrary">
<arg>${search_button}</arg>
<doc>Click element identified by ``locator``.</doc>
<msg timestamp="20210704 22:35:16.135" level="INFO">Clicking element 'css:.search__btn-search'.</msg>
<status status="PASS" starttime="20210704 22:35:16.134" endtime="20210704 22:35:17.176"/>
</kw>
<status status="PASS" starttime="20210704 22:35:16.110" endtime="20210704 22:35:17.176"/>
</kw>
<kw name="Sleep" library="BuiltIn">
<arg>5</arg>
<doc>Pauses the test executed for the given time.</doc>
<msg timestamp="20210704 22:35:22.178" level="INFO">Slept 5 seconds</msg>
<status status="PASS" starttime="20210704 22:35:17.177" endtime="20210704 22:35:22.178"/>
</kw>
<kw name="Sprawdz komunikat o blednych wartosciach" library="SiteKeywords">
<kw name="Wait Until Element Is Visible" library="SeleniumLibrary">
<arg>${blad}</arg>
<doc>Waits until element ``locator`` is visible.</doc>
<status status="PASS" starttime="20210704 22:35:22.179" endtime="20210704 22:35:22.204"/>
</kw>
<kw name="Element Should Be Visible" library="SeleniumLibrary">
<arg>${blad}</arg>
<doc>Verifies that the element identified by ``locator`` is visible.</doc>
<msg timestamp="20210704 22:35:22.218" level="INFO">Element 'class:alert-info' is displayed.</msg>
<status status="PASS" starttime="20210704 22:35:22.204" endtime="20210704 22:35:22.218"/>
</kw>
<kw name="Element Should Contain" library="SeleniumLibrary">
<arg>${blad}</arg>
<arg>Nie znaleziono produktów spełniających podane kryteria.</arg>
<doc>Verifies that element ``locator`` contains text ``expected``.</doc>
<msg timestamp="20210704 22:35:22.234" level="INFO">Element 'class:alert-info' contains text 'Nie znaleziono produktów spełniających podane kryteria.'.</msg>
<status status="PASS" starttime="20210704 22:35:22.218" endtime="20210704 22:35:22.235"/>
</kw>
<status status="PASS" starttime="20210704 22:35:22.179" endtime="20210704 22:35:22.235"/>
</kw>
<kw name="Sleep" library="BuiltIn">
<arg>5</arg>
<doc>Pauses the test executed for the given time.</doc>
<msg timestamp="20210704 22:35:27.237" level="INFO">Slept 5 seconds</msg>
<status status="PASS" starttime="20210704 22:35:22.235" endtime="20210704 22:35:27.237"/>
</kw>
<kw name="Zamknij przegladarke" library="SiteKeywords" type="TEARDOWN">
<kw name="Close Browser" library="SeleniumLibrary">
<doc>Closes the current browser.</doc>
<status status="PASS" starttime="20210704 22:35:27.238" endtime="20210704 22:35:29.428"/>
</kw>
<status status="PASS" starttime="20210704 22:35:27.238" endtime="20210704 22:35:29.428"/>
</kw>
<status status="PASS" starttime="20210704 22:35:05.873" endtime="20210704 22:35:29.428"/>
</test>
<test id="s1-t3" name="TC_03 - Wpisanie w pole Szukaj poprawnej wartosci">
<kw name="Otworz strone" library="SiteKeywords" type="SETUP">
<arg>${Url}</arg>
<arg>${Browser}</arg>
<kw name="Open Browser" library="SeleniumLibrary">
<arg>${Url}</arg>
<arg>${Browser}</arg>
<doc>Opens a new browser instance to the given ``url``.</doc>
<msg timestamp="20210704 22:35:29.431" level="INFO">Opening browser 'chrome' to base url 'http://soyalight.pl'.</msg>
<status status="PASS" starttime="20210704 22:35:29.430" endtime="20210704 22:35:34.464"/>
</kw>
<kw name="Maximize Browser Window" library="SeleniumLibrary">
<doc>Maximizes current browser window.</doc>
<status status="PASS" starttime="20210704 22:35:34.464" endtime="20210704 22:35:34.580"/>
</kw>
<status status="PASS" starttime="20210704 22:35:29.430" endtime="20210704 22:35:34.581"/>
</kw>
<kw name="Wpisz produkt" library="SiteKeywords">
<arg>${search_field}</arg>
<arg>${product2}</arg>
<kw name="Input Text" library="SeleniumLibrary">
<arg>${search_field}</arg>
<arg>${product}</arg>
<doc>Types the given ``text`` into text field identified by ``locator``.</doc>
<msg timestamp="20210704 22:35:34.582" level="INFO">Typing text 'Świeca sojowa Migdał' into text field 'class:search__input'.</msg>
<status status="PASS" starttime="20210704 22:35:34.581" endtime="20210704 22:35:34.705"/>
</kw>
<status status="PASS" starttime="20210704 22:35:34.581" endtime="20210704 22:35:34.705"/>
</kw>
<kw name="Sleep" library="BuiltIn">
<arg>5</arg>
<doc>Pauses the test executed for the given time.</doc>
<msg timestamp="20210704 22:35:39.705" level="INFO">Slept 5 seconds</msg>
<status status="PASS" starttime="20210704 22:35:34.705" endtime="20210704 22:35:39.705"/>
</kw>
<kw name="Nacisnij szukaj" library="SiteKeywords">
<kw name="Wait Until Element Is Visible" library="SeleniumLibrary">
<arg>${search_button}</arg>
<doc>Waits until element ``locator`` is visible.</doc>
<status status="PASS" starttime="20210704 22:35:39.706" endtime="20210704 22:35:39.729"/>
</kw>
<kw name="Click Element" library="SeleniumLibrary">
<arg>${search_button}</arg>
<doc>Click element identified by ``locator``.</doc>
<msg timestamp="20210704 22:35:39.730" level="INFO">Clicking element 'css:.search__btn-search'.</msg>
<status status="PASS" starttime="20210704 22:35:39.729" endtime="20210704 22:35:41.073"/>
</kw>
<status status="PASS" starttime="20210704 22:35:39.705" endtime="20210704 22:35:41.074"/>
</kw>
<kw name="Sleep" library="BuiltIn">
<arg>5</arg>
<doc>Pauses the test executed for the given time.</doc>
<msg timestamp="20210704 22:35:46.076" level="INFO">Slept 5 seconds</msg>
<status status="PASS" starttime="20210704 22:35:41.074" endtime="20210704 22:35:46.076"/>
</kw>
<kw name="Zamknij przegladarke" library="SiteKeywords" type="TEARDOWN">
<kw name="Close Browser" library="SeleniumLibrary">
<doc>Closes the current browser.</doc>
<status status="PASS" starttime="20210704 22:35:46.076" endtime="20210704 22:35:48.281"/>
</kw>
<status status="PASS" starttime="20210704 22:35:46.076" endtime="20210704 22:35:48.281"/>
</kw>
<status status="PASS" starttime="20210704 22:35:29.429" endtime="20210704 22:35:48.281"/>
</test>
<test id="s1-t4" name="TC_04 - Wpisanie w pole Szukaj poprawnej wartosci">
<kw name="Otworz strone" library="SiteKeywords" type="SETUP">
<arg>${Url}</arg>
<arg>${Browser}</arg>
<kw name="Open Browser" library="SeleniumLibrary">
<arg>${Url}</arg>
<arg>${Browser}</arg>
<doc>Opens a new browser instance to the given ``url``.</doc>
<msg timestamp="20210704 22:35:48.283" level="INFO">Opening browser 'chrome' to base url 'http://soyalight.pl'.</msg>
<status status="PASS" starttime="20210704 22:35:48.283" endtime="20210704 22:35:53.012"/>
</kw>
<kw name="Maximize Browser Window" library="SeleniumLibrary">
<doc>Maximizes current browser window.</doc>
<status status="PASS" starttime="20210704 22:35:53.012" endtime="20210704 22:35:53.129"/>
</kw>
<status status="PASS" starttime="20210704 22:35:48.283" endtime="20210704 22:35:53.129"/>
</kw>
<kw name="Wpisz produkt" library="SiteKeywords">
<arg>${search_field}</arg>
<arg>${product}</arg>
<kw name="Input Text" library="SeleniumLibrary">
<arg>${search_field}</arg>
<arg>${product}</arg>
<doc>Types the given ``text`` into text field identified by ``locator``.</doc>
<msg timestamp="20210704 22:35:53.130" level="INFO">Typing text 'woski' into text field 'class:search__input'.</msg>
<status status="PASS" starttime="20210704 22:35:53.130" endtime="20210704 22:35:53.227"/>
</kw>
<status status="PASS" starttime="20210704 22:35:53.129" endtime="20210704 22:35:53.227"/>
</kw>
<kw name="Sleep" library="BuiltIn">
<arg>5</arg>
<doc>Pauses the test executed for the given time.</doc>
<msg timestamp="20210704 22:35:58.227" level="INFO">Slept 5 seconds</msg>
<status status="PASS" starttime="20210704 22:35:53.227" endtime="20210704 22:35:58.227"/>
</kw>
<kw name="Nacisnij szukaj" library="SiteKeywords">
<kw name="Wait Until Element Is Visible" library="SeleniumLibrary">
<arg>${search_button}</arg>
<doc>Waits until element ``locator`` is visible.</doc>
<status status="PASS" starttime="20210704 22:35:58.228" endtime="20210704 22:35:58.249"/>
</kw>
<kw name="Click Element" library="SeleniumLibrary">
<arg>${search_button}</arg>
<doc>Click element identified by ``locator``.</doc>
<msg timestamp="20210704 22:35:58.249" level="INFO">Clicking element 'css:.search__btn-search'.</msg>
<status status="PASS" starttime="20210704 22:35:58.249" endtime="20210704 22:35:59.119"/>
</kw>
<status status="PASS" starttime="20210704 22:35:58.227" endtime="20210704 22:35:59.120"/>
</kw>
<kw name="Sleep" library="BuiltIn">
<arg>5</arg>
<doc>Pauses the test executed for the given time.</doc>
<msg timestamp="20210704 22:36:04.123" level="INFO">Slept 5 seconds</msg>
<status status="PASS" starttime="20210704 22:35:59.120" endtime="20210704 22:36:04.123"/>
</kw>
<kw name="Otworz karte produktu" library="SiteKeywords">
<kw name="Wait Until Element Is Visible" library="SeleniumLibrary">
<arg>${product_click}</arg>
<doc>Waits until element ``locator`` is visible.</doc>
<status status="PASS" starttime="20210704 22:36:04.123" endtime="20210704 22:36:04.145"/>
</kw>
<kw name="Click Element" library="SeleniumLibrary">
<arg>${product_click}</arg>
<doc>Click element identified by ``locator``.</doc>
<msg timestamp="20210704 22:36:04.145" level="INFO">Clicking element 'class:productname'.</msg>
<status status="PASS" starttime="20210704 22:36:04.145" endtime="20210704 22:36:04.739"/>
</kw>
<status status="PASS" starttime="20210704 22:36:04.123" endtime="20210704 22:36:04.739"/>
</kw>
<kw name="Sleep" library="BuiltIn">
<arg>5</arg>
<doc>Pauses the test executed for the given time.</doc>
<msg timestamp="20210704 22:36:09.741" level="INFO">Slept 5 seconds</msg>
<status status="PASS" starttime="20210704 22:36:04.739" endtime="20210704 22:36:09.741"/>
</kw>
<kw name="Dodaj do koszyka" library="SiteKeywords">
<kw name="Wait Until Element Is Visible" library="SeleniumLibrary">
<arg>${basket_button}</arg>
<doc>Waits until element ``locator`` is visible.</doc>
<status status="PASS" starttime="20210704 22:36:09.741" endtime="20210704 22:36:09.765"/>
</kw>
<kw name="Click Element" library="SeleniumLibrary">
<arg>${basket_button}</arg>
<doc>Click element identified by ``locator``.</doc>
<msg timestamp="20210704 22:36:09.765" level="INFO">Clicking element 'class:addtobasket-container'.</msg>
<status status="PASS" starttime="20210704 22:36:09.765" endtime="20210704 22:36:09.805"/>
</kw>
<status status="PASS" starttime="20210704 22:36:09.741" endtime="20210704 22:36:09.805"/>
</kw>
<kw name="Sleep" library="BuiltIn">
<arg>5</arg>
<doc>Pauses the test executed for the given time.</doc>
<msg timestamp="20210704 22:36:14.807" level="INFO">Slept 5 seconds</msg>
<status status="PASS" starttime="20210704 22:36:09.805" endtime="20210704 22:36:14.807"/>
</kw>
<kw name="Sprawdz komunikat" library="SiteKeywords">
<kw name="Wait Until Element Is Visible" library="SeleniumLibrary">
<arg>${komunikat}</arg>
<doc>Waits until element ``locator`` is visible.</doc>
<status status="PASS" starttime="20210704 22:36:14.807" endtime="20210704 22:36:14.830"/>
</kw>
<kw name="Element Should Be Visible" library="SeleniumLibrary">
<arg>${komunikat}</arg>
<doc>Verifies that the element identified by ``locator`` is visible.</doc>
<msg timestamp="20210704 22:36:14.845" level="INFO">Element 'class:modal-body' is displayed.</msg>
<status status="PASS" starttime="20210704 22:36:14.830" endtime="20210704 22:36:14.845"/>
</kw>
<kw name="Element Should Contain" library="SeleniumLibrary">
<arg>${komunikat}</arg>
<arg>Wypełnij wymagane opcje</arg>
<doc>Verifies that element ``locator`` contains text ``expected``.</doc>
<msg timestamp="20210704 22:36:14.863" level="INFO">Element 'class:modal-body' contains text 'Wypełnij wymagane opcje'.</msg>
<status status="PASS" starttime="20210704 22:36:14.845" endtime="20210704 22:36:14.863"/>
</kw>
<status status="PASS" starttime="20210704 22:36:14.807" endtime="20210704 22:36:14.863"/>
</kw>
<kw name="Zamknij przegladarke" library="SiteKeywords" type="TEARDOWN">
<kw name="Close Browser" library="SeleniumLibrary">
<doc>Closes the current browser.</doc>
<status status="PASS" starttime="20210704 22:36:14.863" endtime="20210704 22:36:17.065"/>
</kw>
<status status="PASS" starttime="20210704 22:36:14.863" endtime="20210704 22:36:17.065"/>
</kw>
<status status="PASS" starttime="20210704 22:35:48.282" endtime="20210704 22:36:17.065"/>
</test>
<meta name="Author">Danuta Jasinska &lt;danutajasinska92@gmail.com&gt;</meta>
<status status="PASS" starttime="20210704 22:34:44.445" endtime="20210704 22:36:17.071"/>
</suite>
<statistics>
<total>
<stat pass="4" fail="0" skip="0">All Tests</stat>
</total>
<tag>
</tag>
<suite>
<stat pass="4" fail="0" skip="0" id="s1" name="Tests">Tests</stat>
</suite>
</statistics>
<errors>
</errors>
</robot>
